<!DOCTYPE html PUBLIC "-//W3C//DTD XHTML 1.1//EN" "https://www.w3.org/TR/xhtml11/DTD/xhtml11.dtd">
<html xmlns="https://www.w3.org/1999/xhtml">
<head>
<meta http-equiv="content-type" content="text/html; charset=UTF-8"/>
<title>TestNG Report</title>
<style type="text/css">table {margin-bottom:10px;border-collapse:collapse;empty-cells:show}th,td {border:1px solid #009;padding:.25em .5em}th {vertical-align:bottom}td {vertical-align:top}table a {font-weight:bold}.stripe td {background-color: #E6EBF9}.num {text-align:right}.passedodd td {background-color: #3F3}.passedeven td {background-color: #0A0}.skippedodd td {background-color: #DDD}.skippedeven td {background-color: #CCC}.failedodd td,.attn {background-color: #F33}.failedeven td,.stripe .attn {background-color: #D00}.stacktrace {white-space:pre;font-family:monospace}.totop {font-size:85%;text-align:center;border-bottom:2px solid #000}.invisible {display:none}</style>
</head>
<body>
<table>
<tr><th>Test</th><th># Passed</th><th># Skipped</th><th># Retried</th><th># Failed</th><th>Time (ms)</th><th>Included Groups</th><th>Excluded Groups</th></tr>
<tr><th colspan="8">Suite</th></tr>
<tr><td><a href="#t0">Test</a></td><td class="num">5</td><td class="num">0</td><td class="num">0</td><td class="num attn">1</td><td class="num">37,529</td><td></td><td></td></tr>
<tr><th colspan="8">Failed suite [Surefire suite]</th></tr>
<tr class="stripe"><td><a href="#t1">Surefire test(failed)</a></td><td class="num">0</td><td class="num">0</td><td class="num">0</td><td class="num attn">1</td><td class="num">11,663</td><td></td><td></td></tr>
<tr><th>Total</th><th class="num">5</th><th class="num">0</th><th class="num">0</th><th class="num attn">2</th><th class="num">49,192</th><th colspan="2"></th></tr>
</table>
<table id='summary'><thead><tr><th>Class</th><th>Method</th><th>Start</th><th>Time (ms)</th></tr></thead><tbody><tr><th colspan="4">Suite</th></tr></tbody><tbody id="t0"><tr><th colspan="4">Test &#8212; failed</th></tr><tr class="failedeven"><td rowspan="1">com.qa.tutorialsninja.TestCases.CheckOutTest</td><td><a href="#m0">verifyCheckout</a></td><td rowspan="1">1702323768582</td><td rowspan="1">4036</td></tr><tr><th colspan="4">Test &#8212; passed</th></tr><tr class="passedeven"><td rowspan="1">com.qa.tutorialsninja.TestCases.HomePageTest</td><td><a href="#m1">verifyHomePage</a></td><td rowspan="1">1702323740591</td><td rowspan="1">532</td></tr><tr class="passedodd"><td rowspan="1">com.qa.tutorialsninja.TestCases.LoginTest</td><td><a href="#m2">verifyLoginWithValidCredentials</a></td><td rowspan="1">1702323745901</td><td rowspan="1">1053</td></tr><tr class="passedeven"><td rowspan="1">com.qa.tutorialsninja.TestCases.RegisterTest</td><td><a href="#m3">verifyRegisterWithValidCredentials</a></td><td rowspan="1">1702323751805</td><td rowspan="1">1568</td></tr><tr class="passedodd"><td rowspan="1">com.qa.tutorialsninja.TestCases.SearchProductTest</td><td><a href="#m4">verifySearchWithValidProductsAndVerifyProductDetails</a></td><td rowspan="1">1702323757470</td><td rowspan="1">1550</td></tr><tr class="passedeven"><td rowspan="1">com.qa.tutorialsninja.TestCases.ShoppingCartTest</td><td><a href="#m5">verifyShoppingCart</a></td><td rowspan="1">1702323763170</td><td rowspan="1">602</td></tr></tbody>
<tbody><tr><th colspan="4">Failed suite [Surefire suite]</th></tr></tbody><tbody id="t1"><tr><th colspan="4">Surefire test(failed) &#8212; failed</th></tr><tr class="failedeven"><td rowspan="1">com.qa.tutorialsninja.TestCases.CheckOutTest</td><td><a href="#m6">verifyCheckout</a></td><td rowspan="1">1702323779503</td><td rowspan="1">5508</td></tr></tbody>
</table>
<h2>Test</h2><h3 id="m0">com.qa.tutorialsninja.TestCases.CheckOutTest#verifyCheckout</h3><table class="result"><tr><th>Exception</th></tr><tr><td><div class="stacktrace">java.lang.AssertionError: expected [false] but found [true]
	at com.qa.tutorialsninja.TestCases.CheckOutTest.verifyCheckout(CheckOutTest.java:46)
	at java.base/java.util.ArrayList.forEach(ArrayList.java:1511)
... Removed 35 stack frames</div></td></tr></table><p class="totop"><a href="#summary">back to summary</a></p>
<h3 id="m1">com.qa.tutorialsninja.TestCases.HomePageTest#verifyHomePage</h3><table class="result"><tr><th class="invisible"/></tr></table><p class="totop"><a href="#summary">back to summary</a></p>
<h3 id="m2">com.qa.tutorialsninja.TestCases.LoginTest#verifyLoginWithValidCredentials</h3><table class="result"><tr><th class="invisible"/></tr></table><p class="totop"><a href="#summary">back to summary</a></p>
<h3 id="m3">com.qa.tutorialsninja.TestCases.RegisterTest#verifyRegisterWithValidCredentials</h3><table class="result"><tr><th class="invisible"/></tr></table><p class="totop"><a href="#summary">back to summary</a></p>
<h3 id="m4">com.qa.tutorialsninja.TestCases.SearchProductTest#verifySearchWithValidProductsAndVerifyProductDetails</h3><table class="result"><tr><th class="invisible"/></tr></table><p class="totop"><a href="#summary">back to summary</a></p>
<h3 id="m5">com.qa.tutorialsninja.TestCases.ShoppingCartTest#verifyShoppingCart</h3><table class="result"><tr><th class="invisible"/></tr></table><p class="totop"><a href="#summary">back to summary</a></p>
<h2>Surefire test(failed)</h2><h3 id="m6">com.qa.tutorialsninja.TestCases.CheckOutTest#verifyCheckout</h3><table class="result"><tr><th>Exception</th></tr><tr><td><div class="stacktrace">java.lang.AssertionError: expected [false] but found [true]
	at com.qa.tutorialsninja.TestCases.CheckOutTest.verifyCheckout(CheckOutTest.java:46)
	at java.base/java.util.ArrayList.forEach(ArrayList.java:1511)
... Removed 35 stack frames</div></td></tr></table><p class="totop"><a href="#summary">back to summary</a></p>
</body>
</html>
